<?xml version="1.0" encoding="UTF-8"?>
<!-- Generated by org.testng.reporters.JUnitReportReporter -->
<testsuite hostname="LAPTOP-38EMVC01" failures="0" tests="9" name="com.employeeapi.testCases.TC001_Get_All_Employees" time="0.077" errors="0" timestamp="22 Dec 2020 20:41:43 GMT" skipped="0">
  <testcase classname="com.employeeapi.testCases.TC001_Get_All_Employees" name="checkserverType" time="0.013"/>
  <testcase classname="com.employeeapi.testCases.TC001_Get_All_Employees" name="checkstatusLine" time="0.005"/>
  <testcase classname="com.employeeapi.testCases.TC001_Get_All_Employees" name="checkResponseTime" time="0.003"/>
  <testcase classname="com.employeeapi.testCases.TC001_Get_All_Employees" name="checkcontentEncoding" time="0.004"/>
  <testcase classname="com.employeeapi.testCases.TC001_Get_All_Employees" name="checkStatusCode" time="0.004"/>
  <testcase classname="com.employeeapi.testCases.TC001_Get_All_Employees" name="checkResposeBody" time="0.035"/>
  <testcase classname="com.employeeapi.testCases.TC001_Get_All_Employees" name="checkCookies" time="0.003"/>
  <testcase classname="com.employeeapi.testCases.TC001_Get_All_Employees" name="checkContentType" time="0.002"/>
  <testcase classname="com.employeeapi.testCases.TC001_Get_All_Employees" name="checkContentLenght" time="0.008"/>
</testsuite> <!-- com.employeeapi.testCases.TC001_Get_All_Employees -->
